<?xml version="1.0" encoding="UTF-8"?>
<!-- Generated by org.testng.reporters.JUnitReportReporter -->
<testsuite hostname="NipaThinkB" failures="0" tests="1" name="com.ninja.qa.testcases.NewClass" time="10.736" errors="0" timestamp="2023-04-24T12:31:16 EDT" skipped="0">
  <testcase classname="com.ninja.qa.testcases.NewClass" name="logintest" time="10.736"/>
  <system-out/>
</testsuite> <!-- com.ninja.qa.testcases.NewClass -->
