<?xml version="1.0" encoding="UTF-8"?>
<!-- Generated by org.testng.reporters.JUnitReportReporter -->
<testsuite hostname="NipaThinkB" failures="0" tests="1" name="com.rediff.qa.testcases.LoginTest" time="2.410" errors="0" timestamp="2023-04-13T10:00:13 EDT" skipped="0">
  <testcase classname="com.rediff.qa.testcases.LoginTest" name="verifyRediffLoginWithValidUsernameAndValidPassword" time="2.410"/>
  <system-out/>
</testsuite> <!-- com.rediff.qa.testcases.LoginTest -->
